This is pdfeTeX, Version 3.141592-1.30.6-2.2 (MiKTeX 2.5) (preloaded format=pdflatex 2007.10.18)  2 NOV 2007 13:16
entering extended mode
**C:/Documents*and*Settings/Colin/My*Documents/4thYearProject/finaltemplate/rep
ort_template.tex

("C:\Documents and Settings\Colin\My Documents\4thYearProject\finaltemplate\rep
ort_template.tex"
LaTeX2e <2005/12/01>
Babel <v3.8g> and hyphenation patterns for english, dumylang, nohyphenation, ge
rman, ngerman, french, loaded.
(final_report.cls
Document Class: final_report 
("C:\Program Files\MiKTeX 2.5\tex\latex\base\report.cls"
Document Class: report 2005/09/16 v1.4f Standard LaTeX document class
("C:\Program Files\MiKTeX 2.5\tex\latex\base\size11.clo"
File: size11.clo 2005/09/16 v1.4f Standard LaTeX file (size option)
)
\c@part=\count79
\c@chapter=\count80
\c@section=\count81
\c@subsection=\count82
\c@subsubsection=\count83
\c@paragraph=\count84
\c@subparagraph=\count85
\c@figure=\count86
\c@table=\count87
\abovecaptionskip=\skip41
\belowcaptionskip=\skip42
\bibindent=\dimen102
)
("C:\Program Files\MiKTeX 2.5\tex\latex\geometry\geometry.sty"
Package: geometry 2002/07/08 v3.2 Page Geometry

("C:\Program Files\MiKTeX 2.5\tex\latex\graphics\keyval.sty"
Package: keyval 1999/03/16 v1.13 key=value parser (DPC)
\KV@toks@=\toks14
)
\Gm@cnth=\count88
\Gm@cntv=\count89
\c@Gm@tempcnt=\count90
\Gm@bindingoffset=\dimen103
\Gm@wd@mp=\dimen104
\Gm@odd@mp=\dimen105
\Gm@even@mp=\dimen106
\Gm@dimlist=\toks15

("C:\Program Files\MiKTeX 2.5\tex\latex\geometry\geometry.cfg")))
("C:\Program Files\MiKTeX 2.5\tex\latex\graphics\graphicx.sty"
Package: graphicx 1999/02/16 v1.0f Enhanced LaTeX Graphics (DPC,SPQR)

("C:\Program Files\MiKTeX 2.5\tex\latex\graphics\graphics.sty"
Package: graphics 2006/02/20 v1.0o Standard LaTeX Graphics (DPC,SPQR)

("C:\Program Files\MiKTeX 2.5\tex\latex\graphics\trig.sty"
Package: trig 1999/03/16 v1.09 sin cos tan (DPC)
)
("C:\Program Files\MiKTeX 2.5\tex\latex\00miktex\graphics.cfg"
File: graphics.cfg 2005/12/29 v1.2 MiKTeX 'graphics' configuration
)
Package graphics Info: Driver file: pdftex.def on input line 90.

("C:\Program Files\MiKTeX 2.5\tex\latex\graphics\pdftex.def"
File: pdftex.def 2007/01/08 v0.04d Graphics/color for pdfTeX
\Gread@gobject=\count91
))
\Gin@req@height=\dimen107
\Gin@req@width=\dimen108
)
("C:\Program Files\MiKTeX 2.5\tex\latex\hyperref\hyperref.sty"
Package: hyperref 2007/01/18 v6.75o Hypertext links for LaTeX
\@linkdim=\dimen109
\Hy@linkcounter=\count92
\Hy@pagecounter=\count93

("C:\Program Files\MiKTeX 2.5\tex\latex\hyperref\pd1enc.def"
File: pd1enc.def 2007/01/18 v6.75o Hyperref: PDFDocEncoding definition (HO)
)
("C:\Program Files\MiKTeX 2.5\tex\latex\00miktex\hyperref.cfg"
File: hyperref.cfg 2006/02/14 v1.1 MiKTeX 'hyperref' configuration
)
("C:\Program Files\MiKTeX 2.5\tex\latex\oberdiek\kvoptions.sty"
Package: kvoptions 2006/08/22 v2.4 Connects package keyval with LaTeX options (
HO)
)
Package hyperref Info: Hyper figures OFF on input line 2287.
Package hyperref Info: Link nesting OFF on input line 2292.
Package hyperref Info: Hyper index ON on input line 2295.
Package hyperref Info: Plain pages OFF on input line 2302.
Package hyperref Info: Backreferencing OFF on input line 2307.

Implicit mode ON; LaTeX internals redefined
Package hyperref Info: Bookmarks ON on input line 2443.
("C:\Program Files\MiKTeX 2.5\tex\latex\ltxmisc\url.sty"
\Urlmuskip=\muskip10
Package: url 2005/06/27  ver 3.2  Verb mode for urls, etc.
)
LaTeX Info: Redefining \url on input line 2598.
\Fld@menulength=\count94
\Field@Width=\dimen110
\Fld@charsize=\dimen111
\Choice@toks=\toks16
\Field@toks=\toks17
Package hyperref Info: Hyper figures OFF on input line 3076.
Package hyperref Info: Link nesting OFF on input line 3081.
Package hyperref Info: Hyper index ON on input line 3084.
Package hyperref Info: backreferencing OFF on input line 3091.
Package hyperref Info: Link coloring OFF on input line 3096.
\Hy@abspage=\count95
\c@Item=\count96
\c@Hfootnote=\count97
)
*hyperref using default driver hpdftex*
("C:\Program Files\MiKTeX 2.5\tex\latex\hyperref\hpdftex.def"
File: hpdftex.def 2007/01/18 v6.75o Hyperref driver for pdfTeX
\Fld@listcount=\count98
)
(report_template.aux)
LaTeX Font Info:    Checking defaults for OML/cmm/m/it on input line 14.
LaTeX Font Info:    ... okay on input line 14.
LaTeX Font Info:    Checking defaults for T1/cmr/m/n on input line 14.
LaTeX Font Info:    ... okay on input line 14.
LaTeX Font Info:    Checking defaults for OT1/cmr/m/n on input line 14.
LaTeX Font Info:    ... okay on input line 14.
LaTeX Font Info:    Checking defaults for OMS/cmsy/m/n on input line 14.
LaTeX Font Info:    ... okay on input line 14.
LaTeX Font Info:    Checking defaults for OMX/cmex/m/n on input line 14.
LaTeX Font Info:    ... okay on input line 14.
LaTeX Font Info:    Checking defaults for U/cmr/m/n on input line 14.
LaTeX Font Info:    ... okay on input line 14.
LaTeX Font Info:    Checking defaults for PD1/pdf/m/n on input line 14.
LaTeX Font Info:    ... okay on input line 14.
-------------------- Geometry parameters
paper: user defined
landscape: --
twocolumn: --
twoside: --
asymmetric: --
h-parts: 85.35826pt, 441.01773pt, 71.13188pt
v-parts: 0.0pt, 788.14125pt, 56.9055pt
hmarginratio: --
vmarginratio: --
lines: --
heightrounded: --
bindingoffset: 0.0pt
truedimen: --
includehead: true
includefoot: --
includemp: --
driver: pdftex
-------------------- Page layout dimensions and switches
\paperwidth  597.50787pt
\paperheight 845.04675pt
\textwidth  441.01773pt
\textheight 720.46213pt
\oddsidemargin  13.08827pt
\evensidemargin 13.08827pt
\topmargin  -72.26999pt
\headheight 42.67912pt
\headsep    25.0pt
\footskip   30.0pt
\marginparwidth 59.0pt
\marginparsep   10.0pt
\columnsep  10.0pt
\skip\footins  10.0pt plus 4.0pt minus 2.0pt
\hoffset 0.0pt
\voffset 0.0pt
\mag 1000

(1in=72.27pt, 1cm=28.45pt)
-----------------------

("C:\Program Files\MiKTeX 2.5\tex\context\base\supp-pdf.tex"
[Loading MPS to PDF converter (version 2006.09.02).]
\scratchcounter=\count99
\scratchdimen=\dimen112
\scratchbox=\box26
\nofMPsegments=\count100
\nofMParguments=\count101
\MPscratchCnt=\count102
\MPscratchDim=\dimen113
\MPnumerator=\count103
\everyMPtoPDFconversion=\toks18
)
Package hyperref Info: Link coloring OFF on input line 14.
 ("C:\Program Files\MiKTeX 2.5\tex\latex\hyperref\nameref.sty"
Package: nameref 2006/12/27 v2.28 Cross-referencing by name of section

("C:\Program Files\MiKTeX 2.5\tex\latex\oberdiek\refcount.sty"
Package: refcount 2006/02/20 v3.0 Data extraction from references (HO)
)
\c@section@level=\count104
)
LaTeX Info: Redefining \ref on input line 14.
LaTeX Info: Redefining \pageref on input line 14.

(report_template.out) (report_template.out)
\@outlinefile=\write3


! LaTeX Error: File `logo' not found.

See the LaTeX manual or LaTeX Companion for explanation.
Type  H <return>  for immediate help.
 ...                                              
                                                  
l.18 
     
I could not locate the file with any of these extensions:
.png,.pdf,.jpg,.mps,.jpeg,.PNG,.PDF,.JPG,.JPEG
Try typing  <return>  to proceed.
If that doesn't work, type  X <return>  to quit.


! LaTeX Error: There's no line here to end.

See the LaTeX manual or LaTeX Companion for explanation.
Type  H <return>  for immediate help.
 ...                                              
                                                  
l.18 
     
Your command was ignored.
Type  I <command> <return>  to replace it with another command,
or  <return>  to continue without it.

[0

{psfonts.map}] [1

] [2

]
Chapter 1.
LaTeX Font Info:    Calculating math sizes for size <11> on input line 46.

LaTeX Font Warning: Font shape `OT1/cmr/m/n' in size <5.5> not available
(Font)              size <5> substituted on input line 46.


LaTeX Font Warning: Font shape `OML/cmm/m/it' in size <5.5> not available
(Font)              size <5> substituted on input line 46.


LaTeX Font Warning: Font shape `OMS/cmsy/m/n' in size <5.5> not available
(Font)              size <5> substituted on input line 46.

LaTeX Font Info:    External font `cmex10' loaded for size
(Font)              <11> on input line 46.
LaTeX Font Info:    External font `cmex10' loaded for size
(Font)              <7.69997> on input line 46.
LaTeX Font Info:    External font `cmex10' loaded for size
(Font)              <5.5> on input line 46.
LaTeX Font Info:    External font `cmex10' loaded for size
(Font)              <9> on input line 46.
LaTeX Font Info:    External font `cmex10' loaded for size
(Font)              <6> on input line 46.
LaTeX Font Info:    External font `cmex10' loaded for size
(Font)              <5> on input line 46.
[3

]
Chapter 2.
[4

] [5] [6]
Chapter 3.
[7

]
Chapter 4.
[8

]
Chapter 5.
[9

] [10

] (report_template.aux)

LaTeX Font Warning: Size substitutions with differences
(Font)              up to 0.5pt have occurred.

 ) 
Here is how much of TeX's memory you used:
 3282 strings out of 95419
 44192 string characters out of 1187293
 101856 words of memory out of 1101972
 6310 multiletter control sequences out of 60000
 13132 words of font info for 45 fonts, out of 1000000 for 2000
 14 hyphenation exceptions out of 8191
 31i,8n,36p,1884b,338s stack positions out of 5000i,500n,10000p,200000b,32768s
PDF statistics:
 177 PDF objects out of 300000
 37 named destinations out of 300000
 137 words of extra memory for PDF output out of 10000
<C:/Program Files/MiKTeX 2.5/fonts/type1/bluesky/cm/cmti10.pfb><C:/Program Fi
les/MiKTeX 2.5/fonts/type1/bluesky/cm/cmr9.pfb><C:/Program Files/MiKTeX 2.5/fon
ts/type1/bluesky/cm/cmr6.pfb><C:/Program Files/MiKTeX 2.5/fonts/type1/bluesky/c
m/cmr8.pfb><C:/Program Files/MiKTeX 2.5/fonts/type1/bluesky/cm/cmr10.pfb><C:/Pr
ogram Files/MiKTeX 2.5/fonts/type1/bluesky/cm/cmbxsl10.pfb><C:/Program Files/Mi
KTeX 2.5/fonts/type1/bluesky/cm/cmss10.pfb><C:/Program Files/MiKTeX 2.5/fonts/t
ype1/bluesky/cm/cmss12.pfb><C:/Program Files/MiKTeX 2.5/fonts/type1/bluesky/cm/
cmssbx10.pfb><C:/Program Files/MiKTeX 2.5/fonts/type1/bluesky/cm/cmss17.pfb>
Output written on report_template.pdf (11 pages, 105748 bytes).
