\BOOKMARK [0][-]{toc.0}{Table of Contents}{}
\BOOKMARK [0][-]{chapter*.2}{Abstract}{}
\BOOKMARK [0][-]{chapter.1}{Introduction}{}
\BOOKMARK [1][-]{section.1.1}{Project Specification}{chapter.1}
\BOOKMARK [0][-]{chapter.2}{Background Research}{}
\BOOKMARK [1][-]{section.2.1}{Introduction}{chapter.2}
\BOOKMARK [1][-]{section.2.2}{An Introduction to RFID Technology}{chapter.2}
\BOOKMARK [2][-]{subsection.2.2.1}{Passive RFID}{section.2.2}
\BOOKMARK [1][-]{section.2.3}{The Computer for the 21st Century}{chapter.2}
\BOOKMARK [1][-]{section.2.4}{Chatchayanuson's Kitchen Tracker}{chapter.2}
\BOOKMARK [1][-]{section.2.5}{Ubiquitous Memories}{chapter.2}
\BOOKMARK [1][-]{section.2.6}{Schmidt and Gellersen's RFID glove}{chapter.2}
\BOOKMARK [1][-]{section.2.7}{Intel's iGlove}{chapter.2}
\BOOKMARK [1][-]{section.2.8}{Lustig's RFID glove}{chapter.2}
\BOOKMARK [1][-]{section.2.9}{Activity Recognition}{chapter.2}
\BOOKMARK [1][-]{section.2.10}{Recognising Assembly Tasks}{chapter.2}
\BOOKMARK [1][-]{section.2.11}{Conclusions}{chapter.2}
\BOOKMARK [0][-]{chapter.3}{System Implementation}{}
\BOOKMARK [1][-]{section.3.1}{Introduction}{chapter.3}
\BOOKMARK [1][-]{section.3.2}{Problem Analysis}{chapter.3}
\BOOKMARK [1][-]{section.3.3}{System Form Factor}{chapter.3}
\BOOKMARK [1][-]{section.3.4}{Hardware Design}{chapter.3}
\BOOKMARK [1][-]{section.3.5}{Data Processing}{chapter.3}
\BOOKMARK [1][-]{section.3.6}{User Interfaces}{chapter.3}
\BOOKMARK [0][-]{chapter.4}{System Testing and Evaluation}{}
\BOOKMARK [1][-]{section.4.1}{Introduction}{chapter.4}
\BOOKMARK [1][-]{section.4.2}{RFID Prototype}{chapter.4}
\BOOKMARK [2][-]{subsection.4.2.1}{Results}{section.4.2}
\BOOKMARK [1][-]{section.4.3}{System Form Factor}{chapter.4}
\BOOKMARK [2][-]{subsection.4.3.1}{Results}{section.4.3}
\BOOKMARK [1][-]{section.4.4}{Human Readable Cues}{chapter.4}
\BOOKMARK [2][-]{subsection.4.4.1}{Results}{section.4.4}
\BOOKMARK [0][-]{chapter.5}{Conclusions and Future Work}{}
\BOOKMARK [1][-]{section.5.1}{Conclusions}{chapter.5}
\BOOKMARK [1][-]{section.5.2}{Future Work}{chapter.5}
\BOOKMARK [0][-]{appendix.A}{Cue Evaluation Survey}{}
\BOOKMARK [1][-]{section.A.1}{Introduction}{appendix.A}
\BOOKMARK [2][-]{subsection.A.1.1}{Survey}{section.A.1}
\BOOKMARK [0][-]{appendix.B}{Bluetooth}{}
