\BOOKMARK [0][-]{toc.0}{Table of Contents}{}
\BOOKMARK [0][-]{chapter*.2}{Abstract}{}
\BOOKMARK [0][-]{chapter.1}{Introduction}{}
\BOOKMARK [0][-]{chapter.2}{ Background Research}{}
\BOOKMARK [1][-]{section.2.1}{Introduction}{chapter.2}
\BOOKMARK [2][-]{subsection.2.1.1}{An Introduction to RFID Technology}{section.2.1}
\BOOKMARK [2][-]{subsection.2.1.2}{The Computer for the 21st Century}{section.2.1}
\BOOKMARK [2][-]{subsection.2.1.3}{Chatchayanuson's Kitchen Tracker}{section.2.1}
\BOOKMARK [2][-]{subsection.2.1.4}{Ubiquitous Memories}{section.2.1}
\BOOKMARK [2][-]{subsection.2.1.5}{Schmidt and Gellersen's RFID glove}{section.2.1}
\BOOKMARK [2][-]{subsection.2.1.6}{Intel's iGlove}{section.2.1}
\BOOKMARK [2][-]{subsection.2.1.7}{Lustig's RFID glove}{section.2.1}
\BOOKMARK [2][-]{subsection.2.1.8}{Activity Recognition}{section.2.1}
\BOOKMARK [2][-]{subsection.2.1.9}{Recognising Assembly Tasks}{section.2.1}
\BOOKMARK [1][-]{section.2.2}{Conclusions}{chapter.2}
\BOOKMARK [0][-]{chapter.3}{System Implementation}{}
\BOOKMARK [1][-]{section.3.1}{Introduction}{chapter.3}
\BOOKMARK [1][-]{section.3.2}{System Form Factor}{chapter.3}
\BOOKMARK [1][-]{section.3.3}{Hardware Design}{chapter.3}
\BOOKMARK [1][-]{section.3.4}{Data Processing}{chapter.3}
\BOOKMARK [0][-]{chapter.4}{System Testing and Evaluation}{}
\BOOKMARK [1][-]{section.4.1}{System Evaluation}{chapter.4}
\BOOKMARK [2][-]{subsection.4.1.1}{RFID Prototype}{section.4.1}
\BOOKMARK [2][-]{subsection.4.1.2}{System Form Factor}{section.4.1}
\BOOKMARK [2][-]{subsection.4.1.3}{Human Readable Cues}{section.4.1}
\BOOKMARK [2][-]{subsection.4.1.4}{Full System Evaluation}{section.4.1}
\BOOKMARK [1][-]{section.4.2}{Results}{chapter.4}
\BOOKMARK [0][-]{chapter.5}{Conclusions and Future Work}{}
\BOOKMARK [1][-]{section.5.1}{Conclusions}{chapter.5}
\BOOKMARK [1][-]{section.5.2}{Future Work}{chapter.5}
