This is pdfeTeX, Version 3.141592-1.30.6-2.2 (MiKTeX 2.5) (preloaded format=pdflatex 2007.10.18)  15 MAY 2008 22:12
entering extended mode
**C:/Documents*and*Settings/Colin/My*Documents/4thYearProject/finaltemplate/rep
ort4.tex

("C:\Documents and Settings\Colin\My Documents\4thYearProject\finaltemplate\rep
ort4.tex"
LaTeX2e <2005/12/01>
Babel <v3.8g> and hyphenation patterns for english, dumylang, nohyphenation, ge
rman, ngerman, french, loaded.
(final_report.cls
Document Class: final_report 
("C:\Program Files\MiKTeX 2.5\tex\latex\base\report.cls"
Document Class: report 2005/09/16 v1.4f Standard LaTeX document class
("C:\Program Files\MiKTeX 2.5\tex\latex\base\size11.clo"
File: size11.clo 2005/09/16 v1.4f Standard LaTeX file (size option)
)
\c@part=\count79
\c@chapter=\count80
\c@section=\count81
\c@subsection=\count82
\c@subsubsection=\count83
\c@paragraph=\count84
\c@subparagraph=\count85
\c@figure=\count86
\c@table=\count87
\abovecaptionskip=\skip41
\belowcaptionskip=\skip42
\bibindent=\dimen102
)
("C:\Program Files\MiKTeX 2.5\tex\latex\geometry\geometry.sty"
Package: geometry 2002/07/08 v3.2 Page Geometry

("C:\Program Files\MiKTeX 2.5\tex\latex\graphics\keyval.sty"
Package: keyval 1999/03/16 v1.13 key=value parser (DPC)
\KV@toks@=\toks14
)
\Gm@cnth=\count88
\Gm@cntv=\count89
\c@Gm@tempcnt=\count90
\Gm@bindingoffset=\dimen103
\Gm@wd@mp=\dimen104
\Gm@odd@mp=\dimen105
\Gm@even@mp=\dimen106
\Gm@dimlist=\toks15

("C:\Program Files\MiKTeX 2.5\tex\latex\geometry\geometry.cfg")))
("C:\Program Files\MiKTeX 2.5\tex\latex\graphics\graphicx.sty"
Package: graphicx 1999/02/16 v1.0f Enhanced LaTeX Graphics (DPC,SPQR)

("C:\Program Files\MiKTeX 2.5\tex\latex\graphics\graphics.sty"
Package: graphics 2006/02/20 v1.0o Standard LaTeX Graphics (DPC,SPQR)

("C:\Program Files\MiKTeX 2.5\tex\latex\graphics\trig.sty"
Package: trig 1999/03/16 v1.09 sin cos tan (DPC)
)
("C:\Program Files\MiKTeX 2.5\tex\latex\00miktex\graphics.cfg"
File: graphics.cfg 2005/12/29 v1.2 MiKTeX 'graphics' configuration
)
Package graphics Info: Driver file: pdftex.def on input line 90.

("C:\Program Files\MiKTeX 2.5\tex\latex\graphics\pdftex.def"
File: pdftex.def 2007/01/08 v0.04d Graphics/color for pdfTeX
\Gread@gobject=\count91
))
\Gin@req@height=\dimen107
\Gin@req@width=\dimen108
)
("C:\Program Files\MiKTeX 2.5\tex\latex\hyperref\hyperref.sty"
Package: hyperref 2007/01/18 v6.75o Hypertext links for LaTeX
\@linkdim=\dimen109
\Hy@linkcounter=\count92
\Hy@pagecounter=\count93

("C:\Program Files\MiKTeX 2.5\tex\latex\hyperref\pd1enc.def"
File: pd1enc.def 2007/01/18 v6.75o Hyperref: PDFDocEncoding definition (HO)
)
("C:\Program Files\MiKTeX 2.5\tex\latex\00miktex\hyperref.cfg"
File: hyperref.cfg 2006/02/14 v1.1 MiKTeX 'hyperref' configuration
)
("C:\Program Files\MiKTeX 2.5\tex\latex\oberdiek\kvoptions.sty"
Package: kvoptions 2006/08/22 v2.4 Connects package keyval with LaTeX options (
HO)
)
Package hyperref Info: Hyper figures OFF on input line 2287.
Package hyperref Info: Link nesting OFF on input line 2292.
Package hyperref Info: Hyper index ON on input line 2295.
Package hyperref Info: Plain pages OFF on input line 2302.
Package hyperref Info: Backreferencing OFF on input line 2307.

Implicit mode ON; LaTeX internals redefined
Package hyperref Info: Bookmarks ON on input line 2443.
("C:\Program Files\MiKTeX 2.5\tex\latex\ltxmisc\url.sty"
\Urlmuskip=\muskip10
Package: url 2005/06/27  ver 3.2  Verb mode for urls, etc.
)
LaTeX Info: Redefining \url on input line 2598.
\Fld@menulength=\count94
\Field@Width=\dimen110
\Fld@charsize=\dimen111
\Choice@toks=\toks16
\Field@toks=\toks17
Package hyperref Info: Hyper figures OFF on input line 3076.
Package hyperref Info: Link nesting OFF on input line 3081.
Package hyperref Info: Hyper index ON on input line 3084.
Package hyperref Info: backreferencing OFF on input line 3091.
Package hyperref Info: Link coloring OFF on input line 3096.
\Hy@abspage=\count95
\c@Item=\count96
\c@Hfootnote=\count97
)
*hyperref using default driver hpdftex*
("C:\Program Files\MiKTeX 2.5\tex\latex\hyperref\hpdftex.def"
File: hpdftex.def 2007/01/18 v6.75o Hyperref driver for pdfTeX
\Fld@listcount=\count98
) (report4.aux)
LaTeX Font Info:    Checking defaults for OML/cmm/m/it on input line 15.
LaTeX Font Info:    ... okay on input line 15.
LaTeX Font Info:    Checking defaults for T1/cmr/m/n on input line 15.
LaTeX Font Info:    ... okay on input line 15.
LaTeX Font Info:    Checking defaults for OT1/cmr/m/n on input line 15.
LaTeX Font Info:    ... okay on input line 15.
LaTeX Font Info:    Checking defaults for OMS/cmsy/m/n on input line 15.
LaTeX Font Info:    ... okay on input line 15.
LaTeX Font Info:    Checking defaults for OMX/cmex/m/n on input line 15.
LaTeX Font Info:    ... okay on input line 15.
LaTeX Font Info:    Checking defaults for U/cmr/m/n on input line 15.
LaTeX Font Info:    ... okay on input line 15.
LaTeX Font Info:    Checking defaults for PD1/pdf/m/n on input line 15.
LaTeX Font Info:    ... okay on input line 15.
-------------------- Geometry parameters
paper: user defined
landscape: --
twocolumn: --
twoside: --
asymmetric: --
h-parts: 85.35826pt, 441.01773pt, 71.13188pt
v-parts: 0.0pt, 788.14125pt, 56.9055pt
hmarginratio: --
vmarginratio: --
lines: --
heightrounded: --
bindingoffset: 0.0pt
truedimen: --
includehead: true
includefoot: --
includemp: --
driver: pdftex
-------------------- Page layout dimensions and switches
\paperwidth  597.50787pt
\paperheight 845.04675pt
\textwidth  441.01773pt
\textheight 720.46213pt
\oddsidemargin  13.08827pt
\evensidemargin 13.08827pt
\topmargin  -72.26999pt
\headheight 42.67912pt
\headsep    25.0pt
\footskip   30.0pt
\marginparwidth 59.0pt
\marginparsep   10.0pt
\columnsep  10.0pt
\skip\footins  10.0pt plus 4.0pt minus 2.0pt
\hoffset 0.0pt
\voffset 0.0pt
\mag 1000

(1in=72.27pt, 1cm=28.45pt)
-----------------------

("C:\Program Files\MiKTeX 2.5\tex\context\base\supp-pdf.tex"
[Loading MPS to PDF converter (version 2006.09.02).]
\scratchcounter=\count99
\scratchdimen=\dimen112
\scratchbox=\box26
\nofMPsegments=\count100
\nofMParguments=\count101
\MPscratchCnt=\count102
\MPscratchDim=\dimen113
\MPnumerator=\count103
\everyMPtoPDFconversion=\toks18
)
Package hyperref Info: Link coloring OFF on input line 15.
 ("C:\Program Files\MiKTeX 2.5\tex\latex\hyperref\nameref.sty"
Package: nameref 2006/12/27 v2.28 Cross-referencing by name of section

("C:\Program Files\MiKTeX 2.5\tex\latex\oberdiek\refcount.sty"
Package: refcount 2006/02/20 v3.0 Data extraction from references (HO)
)
\c@section@level=\count104
)
LaTeX Info: Redefining \ref on input line 15.
LaTeX Info: Redefining \pageref on input line 15.
 (report4.out)
(report4.out)
\@outlinefile=\write3
 <logo.pdf, id=171, 196.735pt x 286.06876pt>
File: logo.pdf Graphic file (type pdf)
 <use logo.pdf>
[0

{psfonts.map} <logo.pdf>] (report4.toc
LaTeX Font Info:    Calculating math sizes for size <11> on input line 1.


LaTeX Font Warning: Font shape `OT1/cmr/m/n' in size <5.5> not available
(Font)              size <5> substituted on input line 1.


LaTeX Font Warning: Font shape `OML/cmm/m/it' in size <5.5> not available
(Font)              size <5> substituted on input line 1.


LaTeX Font Warning: Font shape `OMS/cmsy/m/n' in size <5.5> not available
(Font)              size <5> substituted on input line 1.

LaTeX Font Info:    External font `cmex10' loaded for size
(Font)              <11> on input line 1.
LaTeX Font Info:    External font `cmex10' loaded for size
(Font)              <7.69997> on input line 1.
LaTeX Font Info:    External font `cmex10' loaded for size
(Font)              <5.5> on input line 1.
[1

])
\tf@toc=\write4
 [2] [3

] [4

]
Chapter 1.
[5

] [6]
Chapter 2.
<reader.jpg, id=290, 301.125pt x 369.38pt>
File: reader.jpg Graphic file (type jpg)
 <use reader.jpg>
<tag.jpg, id=291, 250.9375pt x 250.9375pt>
File: tag.jpg Graphic file (type jpg)
 <use tag.jpg>

LaTeX Warning: `h' float specifier changed to `ht'.

[7

] [8 <reader.jpg> <tag.jpg>]
Missing character: There is no ’ in font cmr10!
 <borg.jpg, id=319, 214.8828pt x 292.6935pt>
File: borg.jpg Graphic file (type jpg)

<use borg.jpg> [9 <borg.jpg>]
Missing character: There is no ’ in font cmr10!
 <schmidt.jpg, id=333, 217.5628pt x 176.15813pt>
File: schmidt.jpg Graphic file (type jpg)

<use schmidt.jpg> [10 <schmidt.jpg>]
<iglove.jpg, id=347, 401.5pt x 246.9225pt>
File: iglove.jpg Graphic file (type jpg)
 <use iglove.jpg>
<iglove2.jpg, id=348, 150.5625pt x 102.3825pt>
File: iglove2.jpg Graphic file (type jpg)
 <use iglove2.jpg> [11 <iglove.jpg> <iglove2.jpg>] <lustig.jpg, id=367, 973.637
5pt x 302.12875pt>
File: lustig.jpg Graphic file (type jpg)

<use lustig.jpg> [12 <lustig.jpg>]
<worker.jpg, id=384, 376.40625pt x 100.87688pt>
File: worker.jpg Graphic file (type jpg)
 <use worker.jpg>
Missing character: There is no ‘ in font cmr10!
Missing character: There is no ’ in font cmr10!
 [13 <worker.jpg>] [14]
Chapter 3.
Missing character: There is no ’ in font cmr10!
<pouchfront.jpg, id=407, 1734.48pt x 1300.86pt>
File: pouchfront.jpg Graphic file (type jpg)
 <use pouchfront.jpg>
<pouchback.jpg, id=408, 2312.64pt x 1734.48pt>
File: pouchback.jpg Graphic file (type jpg)
 <use pouchback.jpg>

LaTeX Warning: `h' float specifier changed to `ht'.

[15

]
LaTeX Font Info:    External font `cmex10' loaded for size
(Font)              <9> on input line 244.
LaTeX Font Info:    External font `cmex10' loaded for size
(Font)              <6> on input line 244.
LaTeX Font Info:    External font `cmex10' loaded for size
(Font)              <5> on input line 244.
 <gumfun.jpg, id=418, 3231.07124pt x 1608.0075pt>
File: gumfun.jpg Graphic file (type jpg)
 <use gumfun.jpg>

LaTeX Warning: `h' float specifier changed to `ht'.


LaTeX Warning: No positions in optional float specifier.
               Default added (so using `!tbp') on input line 256.

<schematic1.jpg, id=419, 301.8778pt x 159.59625pt>
File: schematic1.jpg Graphic file (type jpg)
 <use schematic1.jpg>
<schematic2.jpg, id=420, 274.02374pt x 159.59625pt>
File: schematic2.jpg Graphic file (type jpg)
 <use schematic2.jpg>
Overfull \hbox (3.21678pt too wide) in paragraph at lines 262--263
 [][] 
 []

! Argument of \Hy@tempa has an extra }.
<inserted text> 
                \par 
l.263 ...l to LCD circuit schematic\footnotemark}}
                                                  
I've run across a `}' that doesn't seem to match anything.
For example, `\def\a#1{...}' and `\a}' would produce
this error. If you simply proceed now, the `\par' that
I've just inserted will cause me to report a runaway
argument that might be the root of the problem. But if
your `}' was spurious, just type `2' and it will go away.

Runaway argument?
\@captype {\@xfootnotemark }\def \reserved@b {\stepcounter {footnote}\ETC.
! Paragraph ended before \Hy@tempa was complete.
<to be read again> 
                   \par 
l.263 ...l to LCD circuit schematic\footnotemark}}
                                                  
I suspect you've forgotten a `}', causing me to apply this
control sequence to too much text. How can we recover?
My plan is to forget the whole thing and hope for the best.

<circuitShot.jpg, id=421, 222.8325pt x 182.93344pt>
File: circuitShot.jpg Graphic file (type jpg)
 <use circuitShot.jpg>
<mobileShot.jpg, id=422, 1367.1075pt x 1288.0622pt>
File: mobileShot.jpg Graphic file (type jpg)
 <use mobileShot.jpg>
[16 <pouchfront.jpg> <pouchback.jpg>]

LaTeX Warning: `h' float specifier changed to `ht'.

<architecture.jpg, id=453, 766.36313pt x 575.14874pt>
File: architecture.jpg Graphic file (type jpg)
 <use architecture.jpg>

LaTeX Warning: `!h' float specifier changed to `!ht'.

[17 <gumfun.jpg> <schematic1.jpg> <schematic2.jpg>] [18 <circuitShot.jpg> <mobi
leShot.jpg> <architecture.jpg>]
<dataflow.jpg, id=473, 674.52pt x 1052.43187pt>
File: dataflow.jpg Graphic file (type jpg)
 <use dataflow.jpg> [19 <dataflow.jpg>]
Missing character: There is no ’ in font cmr10!
 <websiteShot.jpg, id=490, 770.88pt x 578.16pt>
File: websiteShot.jpg Graphic file (type jpg)
 <use websiteShot.jpg>

LaTeX Warning: `h' float specifier changed to `ht'.

[20] [21 <websiteShot.jpg>] [22]
Chapter 4.
<protoshot.jpg, id=515, 1734.48pt x 1300.86pt>
File: protoshot.jpg Graphic file (type jpg)
 <use protoshot.jpg>
<protoscreen.jpg, id=516, 770.88pt x 578.16pt>
File: protoscreen.jpg Graphic file (type jpg)
 <use protoscreen.jpg>
Overfull \hbox (3.20465pt too wide) in paragraph at lines 353--354
 [][] 
 []


LaTeX Warning: `h' float specifier changed to `ht'.

<tag1.jpg, id=517, 250.9375pt x 250.9375pt>
File: tag1.jpg Graphic file (type jpg)
 <use tag1.jpg>
<tag2.jpg, id=518, 250.9375pt x 250.9375pt>
File: tag2.jpg Graphic file (type jpg)
 <use tag2.jpg>
<tag3.jpg, id=519, 250.9375pt x 250.9375pt>
File: tag3.jpg Graphic file (type jpg)
 <use tag3.jpg>
Overfull \hbox (6.8829pt too wide) in paragraph at lines 365--366
 [][] 
 []


LaTeX Warning: `h' float specifier changed to `ht'.

[23

] [24 <protoshot.jpg> <protoscreen.jpg> <tag1.jpg> <tag2.jpg> <tag3.jpg>]
[25] <cuea.jpg, id=546, 242.40562pt x 137.7647pt>
File: cuea.jpg Graphic file (type jpg)
 <use cuea.jpg>
<cueb.jpg, id=547, 364.36125pt x 107.65219pt>
File: cueb.jpg Graphic file (type jpg)
 <use cueb.jpg>
Overfull \hbox (3.23383pt too wide) in paragraph at lines 410--411
 [][] 
 []

[26 <cuea.jpg> <cueb.jpg>] [27]
Chapter 5.
[28

] [29] [30]
Appendix A.
[31

] [32]
Appendix B.

Underfull \hbox (badness 10000) in paragraph at lines 524--524
[][][]\OT1/cmr/m/n/9 Gumstix Fo-rum Dis-cus-sions: []$\OT1/cmtt/m/n/9 http : / 
/ www . nabble . com / forum / Search . jtp ? forum = 22543&local =
 []


Underfull \hbox (badness 1237) in paragraph at lines 524--524
[][][]\OT1/cmr/m/n/9 Gumstix Mail-ing List Archive: []$\OT1/cmtt/m/n/9 http : /
 / article . gmane . org / gmane . linux . distributions . gumstix .
 []

[33

] [34]
Missing character: There is no ö in font cmr10!
 [35

] [36] (report4.aux)

LaTeX Font Warning: Size substitutions with differences
(Font)              up to 0.5pt have occurred.

 ) 
Here is how much of TeX's memory you used:
 3678 strings out of 95419
 48167 string characters out of 1187293
 105786 words of memory out of 1104366
 6475 multiletter control sequences out of 60000
 13299 words of font info for 46 fonts, out of 1000000 for 2000
 14 hyphenation exceptions out of 8191
 31i,8n,36p,2068b,397s stack positions out of 5000i,500n,10000p,200000b,32768s
PDF statistics:
 628 PDF objects out of 300000
 123 named destinations out of 300000
 475 words of extra memory for PDF output out of 10000
<C:/Program Files/MiKTeX 2.5/fonts/type1/bluesky/cm/cmti10.pfb><C:/Program Fi
les/MiKTeX 2.5/fonts/type1/bluesky/cm/cmtt9.pfb><C:/Program Files/MiKTeX 2.5/fo
nts/type1/bluesky/cm/cmr9.pfb><C:/Program Files/MiKTeX 2.5/fonts/type1/bluesky/
cm/cmr6.pfb><C:/Program Files/MiKTeX 2.5/fonts/type1/bluesky/cm/cmr8.pfb><C:/Pr
ogram Files/MiKTeX 2.5/fonts/type1/bluesky/cm/cmbxsl10.pfb><C:/Program Files/Mi
KTeX 2.5/fonts/type1/bluesky/cm/cmr10.pfb><C:/Program Files/MiKTeX 2.5/fonts/ty
pe1/bluesky/cm/cmbx10.pfb><C:/Program Files/MiKTeX 2.5/fonts/type1/bluesky/cm/c
mss10.pfb><C:/Program Files/MiKTeX 2.5/fonts/type1/bluesky/cm/cmss12.pfb><C:/Pr
ogram Files/MiKTeX 2.5/fonts/type1/bluesky/cm/cmssbx10.pfb><C:/Program Files/Mi
KTeX 2.5/fonts/type1/bluesky/cm/cmss17.pfb>
Output written on report4.pdf (37 pages, 3240631 bytes).
