This is pdfeTeX, Version 3.141592-1.30.6-2.2 (MiKTeX 2.5) (preloaded format=pdflatex 2007.10.18)  6 MAY 2008 19:22
entering extended mode
**C:/Documents*and*Settings/Colin/My*Documents/4thYearProject/finaltemplate/rep
ort3.tex

("C:\Documents and Settings\Colin\My Documents\4thYearProject\finaltemplate\rep
ort3.tex"
LaTeX2e <2005/12/01>
Babel <v3.8g> and hyphenation patterns for english, dumylang, nohyphenation, ge
rman, ngerman, french, loaded.
(final_report.cls
Document Class: final_report 
("C:\Program Files\MiKTeX 2.5\tex\latex\base\report.cls"
Document Class: report 2005/09/16 v1.4f Standard LaTeX document class
("C:\Program Files\MiKTeX 2.5\tex\latex\base\size11.clo"
File: size11.clo 2005/09/16 v1.4f Standard LaTeX file (size option)
)
\c@part=\count79
\c@chapter=\count80
\c@section=\count81
\c@subsection=\count82
\c@subsubsection=\count83
\c@paragraph=\count84
\c@subparagraph=\count85
\c@figure=\count86
\c@table=\count87
\abovecaptionskip=\skip41
\belowcaptionskip=\skip42
\bibindent=\dimen102
)
("C:\Program Files\MiKTeX 2.5\tex\latex\geometry\geometry.sty"
Package: geometry 2002/07/08 v3.2 Page Geometry

("C:\Program Files\MiKTeX 2.5\tex\latex\graphics\keyval.sty"
Package: keyval 1999/03/16 v1.13 key=value parser (DPC)
\KV@toks@=\toks14
)
\Gm@cnth=\count88
\Gm@cntv=\count89
\c@Gm@tempcnt=\count90
\Gm@bindingoffset=\dimen103
\Gm@wd@mp=\dimen104
\Gm@odd@mp=\dimen105
\Gm@even@mp=\dimen106
\Gm@dimlist=\toks15

("C:\Program Files\MiKTeX 2.5\tex\latex\geometry\geometry.cfg")))
("C:\Program Files\MiKTeX 2.5\tex\latex\graphics\graphicx.sty"
Package: graphicx 1999/02/16 v1.0f Enhanced LaTeX Graphics (DPC,SPQR)

("C:\Program Files\MiKTeX 2.5\tex\latex\graphics\graphics.sty"
Package: graphics 2006/02/20 v1.0o Standard LaTeX Graphics (DPC,SPQR)

("C:\Program Files\MiKTeX 2.5\tex\latex\graphics\trig.sty"
Package: trig 1999/03/16 v1.09 sin cos tan (DPC)
)
("C:\Program Files\MiKTeX 2.5\tex\latex\00miktex\graphics.cfg"
File: graphics.cfg 2005/12/29 v1.2 MiKTeX 'graphics' configuration
)
Package graphics Info: Driver file: pdftex.def on input line 90.

("C:\Program Files\MiKTeX 2.5\tex\latex\graphics\pdftex.def"
File: pdftex.def 2007/01/08 v0.04d Graphics/color for pdfTeX
\Gread@gobject=\count91
))
\Gin@req@height=\dimen107
\Gin@req@width=\dimen108
)
("C:\Program Files\MiKTeX 2.5\tex\latex\hyperref\hyperref.sty"
Package: hyperref 2007/01/18 v6.75o Hypertext links for LaTeX
\@linkdim=\dimen109
\Hy@linkcounter=\count92
\Hy@pagecounter=\count93

("C:\Program Files\MiKTeX 2.5\tex\latex\hyperref\pd1enc.def"
File: pd1enc.def 2007/01/18 v6.75o Hyperref: PDFDocEncoding definition (HO)
)
("C:\Program Files\MiKTeX 2.5\tex\latex\00miktex\hyperref.cfg"
File: hyperref.cfg 2006/02/14 v1.1 MiKTeX 'hyperref' configuration
)
("C:\Program Files\MiKTeX 2.5\tex\latex\oberdiek\kvoptions.sty"
Package: kvoptions 2006/08/22 v2.4 Connects package keyval with LaTeX options (
HO)
)
Package hyperref Info: Hyper figures OFF on input line 2287.
Package hyperref Info: Link nesting OFF on input line 2292.
Package hyperref Info: Hyper index ON on input line 2295.
Package hyperref Info: Plain pages OFF on input line 2302.
Package hyperref Info: Backreferencing OFF on input line 2307.

Implicit mode ON; LaTeX internals redefined
Package hyperref Info: Bookmarks ON on input line 2443.
("C:\Program Files\MiKTeX 2.5\tex\latex\ltxmisc\url.sty"
\Urlmuskip=\muskip10
Package: url 2005/06/27  ver 3.2  Verb mode for urls, etc.
)
LaTeX Info: Redefining \url on input line 2598.
\Fld@menulength=\count94
\Field@Width=\dimen110
\Fld@charsize=\dimen111
\Choice@toks=\toks16
\Field@toks=\toks17
Package hyperref Info: Hyper figures OFF on input line 3076.
Package hyperref Info: Link nesting OFF on input line 3081.
Package hyperref Info: Hyper index ON on input line 3084.
Package hyperref Info: backreferencing OFF on input line 3091.
Package hyperref Info: Link coloring OFF on input line 3096.
\Hy@abspage=\count95
\c@Item=\count96
\c@Hfootnote=\count97
)
*hyperref using default driver hpdftex*
("C:\Program Files\MiKTeX 2.5\tex\latex\hyperref\hpdftex.def"
File: hpdftex.def 2007/01/18 v6.75o Hyperref driver for pdfTeX
\Fld@listcount=\count98
) (report3.aux)
LaTeX Font Info:    Checking defaults for OML/cmm/m/it on input line 14.
LaTeX Font Info:    ... okay on input line 14.
LaTeX Font Info:    Checking defaults for T1/cmr/m/n on input line 14.
LaTeX Font Info:    ... okay on input line 14.
LaTeX Font Info:    Checking defaults for OT1/cmr/m/n on input line 14.
LaTeX Font Info:    ... okay on input line 14.
LaTeX Font Info:    Checking defaults for OMS/cmsy/m/n on input line 14.
LaTeX Font Info:    ... okay on input line 14.
LaTeX Font Info:    Checking defaults for OMX/cmex/m/n on input line 14.
LaTeX Font Info:    ... okay on input line 14.
LaTeX Font Info:    Checking defaults for U/cmr/m/n on input line 14.
LaTeX Font Info:    ... okay on input line 14.
LaTeX Font Info:    Checking defaults for PD1/pdf/m/n on input line 14.
LaTeX Font Info:    ... okay on input line 14.
-------------------- Geometry parameters
paper: user defined
landscape: --
twocolumn: --
twoside: --
asymmetric: --
h-parts: 85.35826pt, 441.01773pt, 71.13188pt
v-parts: 0.0pt, 788.14125pt, 56.9055pt
hmarginratio: --
vmarginratio: --
lines: --
heightrounded: --
bindingoffset: 0.0pt
truedimen: --
includehead: true
includefoot: --
includemp: --
driver: pdftex
-------------------- Page layout dimensions and switches
\paperwidth  597.50787pt
\paperheight 845.04675pt
\textwidth  441.01773pt
\textheight 720.46213pt
\oddsidemargin  13.08827pt
\evensidemargin 13.08827pt
\topmargin  -72.26999pt
\headheight 42.67912pt
\headsep    25.0pt
\footskip   30.0pt
\marginparwidth 59.0pt
\marginparsep   10.0pt
\columnsep  10.0pt
\skip\footins  10.0pt plus 4.0pt minus 2.0pt
\hoffset 0.0pt
\voffset 0.0pt
\mag 1000

(1in=72.27pt, 1cm=28.45pt)
-----------------------

("C:\Program Files\MiKTeX 2.5\tex\context\base\supp-pdf.tex"
[Loading MPS to PDF converter (version 2006.09.02).]
\scratchcounter=\count99
\scratchdimen=\dimen112
\scratchbox=\box26
\nofMPsegments=\count100
\nofMParguments=\count101
\MPscratchCnt=\count102
\MPscratchDim=\dimen113
\MPnumerator=\count103
\everyMPtoPDFconversion=\toks18
)
Package hyperref Info: Link coloring OFF on input line 14.
 ("C:\Program Files\MiKTeX 2.5\tex\latex\hyperref\nameref.sty"
Package: nameref 2006/12/27 v2.28 Cross-referencing by name of section

("C:\Program Files\MiKTeX 2.5\tex\latex\oberdiek\refcount.sty"
Package: refcount 2006/02/20 v3.0 Data extraction from references (HO)
)
\c@section@level=\count104
)
LaTeX Info: Redefining \ref on input line 14.
LaTeX Info: Redefining \pageref on input line 14.
 (report3.out)
(report3.out)
\@outlinefile=\write3
 <logo.pdf, id=163, 196.735pt x 286.06876pt>
File: logo.pdf Graphic file (type pdf)
 <use logo.pdf>
[0

{psfonts.map} <logo.pdf>] (report3.toc
LaTeX Font Info:    Calculating math sizes for size <11> on input line 1.


LaTeX Font Warning: Font shape `OT1/cmr/m/n' in size <5.5> not available
(Font)              size <5> substituted on input line 1.


LaTeX Font Warning: Font shape `OML/cmm/m/it' in size <5.5> not available
(Font)              size <5> substituted on input line 1.


LaTeX Font Warning: Font shape `OMS/cmsy/m/n' in size <5.5> not available
(Font)              size <5> substituted on input line 1.

LaTeX Font Info:    External font `cmex10' loaded for size
(Font)              <11> on input line 1.
LaTeX Font Info:    External font `cmex10' loaded for size
(Font)              <7.69997> on input line 1.
LaTeX Font Info:    External font `cmex10' loaded for size
(Font)              <5.5> on input line 1.
[1

])
\tf@toc=\write4
 [2] [3

] [4

]
Chapter 1.
[5

] [6]
Chapter 2.
<reader.jpg, id=280, 301.125pt x 369.38pt>
File: reader.jpg Graphic file (type jpg)
 <use reader.jpg>
<tag.jpg, id=281, 250.9375pt x 250.9375pt>
File: tag.jpg Graphic file (type jpg)
 <use tag.jpg>

LaTeX Warning: `h' float specifier changed to `ht'.

[7

] [8 <reader.jpg> <tag.jpg>]
Missing character: There is no ’ in font cmr10!
Missing character: There is no ’ in font cmr10!
 <borg.jpg, id=310, 214.8828pt x 292.6935pt>
File: borg.jpg Graphic file (type jpg)

<use borg.jpg> [9 <borg.jpg>] <schmidt.jpg, id=324, 217.5628pt x 176.15813pt>
File: schmidt.jpg Graphic file (type jpg)

<use schmidt.jpg> [10 <schmidt.jpg>]
<iglove.jpg, id=339, 401.5pt x 246.9225pt>
File: iglove.jpg Graphic file (type jpg)
 <use iglove.jpg>
<iglove2.jpg, id=340, 150.5625pt x 102.3825pt>
File: iglove2.jpg Graphic file (type jpg)
 <use iglove2.jpg>
<lustig.jpg, id=341, 973.6375pt x 302.12875pt>
File: lustig.jpg Graphic file (type jpg)
 <use lustig.jpg>

LaTeX Warning: `h' float specifier changed to `ht'.

[11 <iglove.jpg> <iglove2.jpg>]
<worker.jpg, id=357, 376.40625pt x 100.87688pt>
File: worker.jpg Graphic file (type jpg)
 <use worker.jpg>

LaTeX Warning: `h' float specifier changed to `ht'.

[12 <lustig.jpg>]
Missing character: There is no ‘ in font cmr10!
Missing character: There is no ’ in font cmr10!
 [13 <worker.jpg>]
Chapter 3.
<pouchfront.jpg, id=391, 1734.48pt x 1300.86pt>
File: pouchfront.jpg Graphic file (type jpg)
 <use pouchfront.jpg>
<pouchback.jpg, id=392, 2312.64pt x 1734.48pt>
File: pouchback.jpg Graphic file (type jpg)
 <use pouchback.jpg> [14

]
LaTeX Font Info:    External font `cmex10' loaded for size
(Font)              <9> on input line 240.
LaTeX Font Info:    External font `cmex10' loaded for size
(Font)              <6> on input line 240.
LaTeX Font Info:    External font `cmex10' loaded for size
(Font)              <5> on input line 240.


LaTeX Warning: Reference `fig:schematic1' on page 15 undefined on input line 24
0.

<schematic1.jpg, id=402, 301.8778pt x 159.59625pt>
File: schematic1.jpg Graphic file (type jpg)
 <use schematic1.jpg>
Overfull \hbox (49.83592pt too wide) in paragraph at lines 250--250
[][][]\OT1/cmr/m/n/9 More in-for-ma-tion on schemat-ics can be found here: http
://forums.parallax.com/forums/default.aspx?f=21&m=180521| 
 []

<circuitShot.jpg, id=403, 222.8325pt x 182.93344pt>
File: circuitShot.jpg Graphic file (type jpg)
 <use circuitShot.jpg>
<mobileShot.jpg, id=404, 1367.1075pt x 1288.0622pt>
File: mobileShot.jpg Graphic file (type jpg)
 <use mobileShot.jpg>

LaTeX Warning: `h' float specifier changed to `ht'.

[15 <pouchfront.jpg> <pouchback.jpg> <schematic1.jpg>]
<architecture.jpg, id=434, 766.36313pt x 575.14874pt>
File: architecture.jpg Graphic file (type jpg)
 <use architecture.jpg>
Overfull \hbox (5.26161pt too wide) in paragraph at lines 274--275
 [][] 
 []


LaTeX Warning: `h' float specifier changed to `ht'.


LaTeX Warning: Reference `fig:schematic2' on page 16 undefined on input line 27
9.

<schematic2.jpg, id=435, 274.02374pt x 159.59625pt>
File: schematic2.jpg Graphic file (type jpg)
 <use schematic2.jpg>
Overfull \hbox (49.83592pt too wide) in paragraph at lines 289--289
[][][]\OT1/cmr/m/n/9 More in-for-ma-tion on schemat-ics can be found here: http
://forums.parallax.com/forums/default.aspx?f=21&m=180521| 
 []


LaTeX Warning: `h' float specifier changed to `ht'.

[16 <circuitShot.jpg> <mobileShot.jpg>]
<dataflow.jpg, id=450, 674.52pt x 1052.43187pt>
File: dataflow.jpg Graphic file (type jpg)
 <use dataflow.jpg>

LaTeX Warning: `h' float specifier changed to `ht'.

Missing character: There is no ‘ in font cmr10!
Missing character: There is no ’ in font cmr10!
[17 <architecture.jpg>] <websiteShot.jpg, id=458, 963.6pt x 578.16pt>
File: websiteShot.jpg Graphic file (type jpg)

<use websiteShot.jpg>

LaTeX Warning: `h' float specifier changed to `ht'.

[18 <schematic2.jpg>] [19 <dataflow.jpg> <websiteShot.jpg>]
Chapter 4.
<protoshot.jpg, id=476, 1734.48pt x 1300.86pt>
File: protoshot.jpg Graphic file (type jpg)
 <use protoshot.jpg>
<protoscreen.jpg, id=477, 770.88pt x 578.16pt>
File: protoscreen.jpg Graphic file (type jpg)
 <use protoscreen.jpg> [20

 <protoshot.jpg> <protoscreen.jpg>] [21] [22] [23]
Chapter 5.
LaTeX Font Info:    Try loading font information for OMS+cmr on input line 392.

("C:\Program Files\MiKTeX 2.5\tex\latex\base\omscmr.fd"
File: omscmr.fd 1999/05/25 v2.5h Standard LaTeX font definitions
)
LaTeX Font Info:    Font shape `OMS/cmr/m/n' in size <11> not available
(Font)              Font shape `OMS/cmsy/m/n' tried instead on input line 392.
 [24

] [25]
Appendix A.
[26

] [27]
Appendix B.

Overfull \hbox (65.87471pt too wide) in paragraph at lines 478--478
[][][]\OT1/cmr/m/n/9 Gumstix Fo-rum Dis-cus-sions: http://www.nabble.com/forum/
Search.jtp?forum=22543&local=y&query=stable+buildroot| 
 []


Overfull \hbox (104.039pt too wide) in paragraph at lines 478--478
[][][]\OT1/cmr/m/n/9 Gumstix Mail-ing List Archive: http://article.gmane.org/gm
ane.linux.distributions.gumstix.general/30503/match=stable+buildroot| 
 []

[28

] [29]
Missing character: There is no ö in font cmr10!
 [30

] [31] (report3.aux)

LaTeX Font Warning: Size substitutions with differences
(Font)              up to 0.5pt have occurred.


LaTeX Warning: There were undefined references.

 ) 
Here is how much of TeX's memory you used:
 3629 strings out of 95419
 47865 string characters out of 1187293
 104918 words of memory out of 1103498
 6463 multiletter control sequences out of 60000
 13833 words of font info for 47 fonts, out of 1000000 for 2000
 14 hyphenation exceptions out of 8191
 31i,11n,36p,2042b,397s stack positions out of 5000i,500n,10000p,200000b,32768s
PDF statistics:
 561 PDF objects out of 300000
 115 named destinations out of 300000
 429 words of extra memory for PDF output out of 10000
<C:/Program Files/MiKTeX 2.5/fonts/type1/bluesky/cm/cmsy10.pfb><C:/Program Fi
les/MiKTeX 2.5/fonts/type1/bluesky/cm/cmti10.pfb><C:/Program Files/MiKTeX 2.5/f
onts/type1/bluesky/cm/cmr6.pfb><C:/Program Files/MiKTeX 2.5/fonts/type1/bluesky
/cm/cmr9.pfb><C:/Program Files/MiKTeX 2.5/fonts/type1/bluesky/cm/cmti7.pfb><C:/
Program Files/MiKTeX 2.5/fonts/type1/bluesky/cm/cmti8.pfb><C:/Program Files/MiK
TeX 2.5/fonts/type1/bluesky/cm/cmr8.pfb><C:/Program Files/MiKTeX 2.5/fonts/type
1/bluesky/cm/cmbxsl10.pfb><C:/Program Files/MiKTeX 2.5/fonts/type1/bluesky/cm/c
mr10.pfb><C:/Program Files/MiKTeX 2.5/fonts/type1/bluesky/cm/cmbx10.pfb><C:/Pro
gram Files/MiKTeX 2.5/fonts/type1/bluesky/cm/cmss10.pfb><C:/Program Files/MiKTe
X 2.5/fonts/type1/bluesky/cm/cmss12.pfb><C:/Program Files/MiKTeX 2.5/fonts/type
1/bluesky/cm/cmssbx10.pfb><C:/Program Files/MiKTeX 2.5/fonts/type1/bluesky/cm/c
mss17.pfb>
Output written on report3.pdf (32 pages, 2814618 bytes).
